2017-07-14 13:41:01/data/pubout/minfo/zjxzm/downLoad/appuser/9b/f3/1c/7f/15/2017-07-14 13:41:01/tmp/phpbX2sf0[2017-07-14 13:48:05][debug] begin notify
2017-07-14 13:48:05notify--success!![2017-07-14 13:48:05][debug] returnValue
[2017-07-14 13:48:21][debug] begin notify
2017-07-14 13:48:22notify--success!![2017-07-14 13:48:22][debug] returnValue
[2017-07-14 13:48:39][debug] begin notify
2017-07-14 13:48:39notify--success!![2017-07-14 13:48:39][debug] returnValue
[2017-07-14 13:49:11][debug] begin notify
2017-07-14 13:49:11notify--success!![2017-07-14 13:49:11][debug] returnValue
[2017-07-14 13:52:12][debug] begin notify
2017-07-14 13:52:12notify--success!![2017-07-14 13:52:12][debug] returnValue
[2017-07-14 14:22:15][debug] begin notify
2017-07-14 14:22:15notify--success!![2017-07-14 14:22:15][debug] returnValue
2017-07-14 14:22:46/data/pubout/minfo/zjxzm/downLoad/appuser/70/ef/df/2e/17/2017-07-14 14:22:46/tmp/phpq0duef2017-07-14 14:22:51/data/pubout/minfo/zjxzm/downLoad/appuser/70/ef/df/2e/17/2017-07-14 14:22:51/tmp/phpbKDwmj2017-07-14 14:23:23/data/pubout/minfo/zjxzm/downLoad/appuser/70/ef/df/2e/17/2017-07-14 14:23:23/tmp/phpT79SXN2017-07-14 14:24:31/data/pubout/minfo/zjxzm/downLoad/appuser/70/ef/df/2e/17/2017-07-14 14:24:31/tmp/phpyPyt2I2017-07-14 14:24:46/data/pubout/minfo/zjxzm/downLoad/appuser/c2/0a/d4/d7/12/2017-07-14 14:24:46/tmp/phplXeABy2017-07-14 14:25:07/data/pubout/minfo/zjxzm/downLoad/appuser/70/ef/df/2e/17/2017-07-14 14:25:07/tmp/phpC8Bima[2017-07-14 14:49:24][debug] begin notify
2017-07-14 14:49:25notify--success!![2017-07-14 14:49:25][debug] returnValue
[2017-07-14 14:49:39][debug] begin notify
2017-07-14 14:49:39notify--success!![2017-07-14 14:49:39][debug] returnValue
[2017-07-14 14:49:56][debug] begin notify
2017-07-14 14:49:57notify--success!![2017-07-14 14:49:57][debug] returnValue
[2017-07-14 14:50:30][debug] begin notify
2017-07-14 14:50:31notify--success!![2017-07-14 14:50:31][debug] returnValue
[2017-07-14 14:52:17][debug] begin notify
2017-07-14 14:52:18notify--success!![2017-07-14 14:52:18][debug] returnValue
[2017-07-14 14:53:33][debug] begin notify
2017-07-14 14:53:34notify--success!![2017-07-14 14:53:34][debug] returnValue
[2017-07-14 15:06:37][debug] begin notify
2017-07-14 15:06:37notify--success!![2017-07-14 15:06:37][debug] returnValue
[2017-07-14 15:06:50][debug] begin notify
2017-07-14 15:06:50notify--success!![2017-07-14 15:06:50][debug] returnValue
[2017-07-14 15:07:07][debug] begin notify
2017-07-14 15:07:07notify--success!![2017-07-14 15:07:07][debug] returnValue
[2017-07-14 15:07:38][debug] begin notify
2017-07-14 15:07:39notify--success!![2017-07-14 15:07:39][debug] returnValue
[2017-07-14 15:10:41][debug] begin notify
2017-07-14 15:10:41notify--success!![2017-07-14 15:10:41][debug] returnValue
[2017-07-14 15:22:21][debug] begin notify
2017-07-14 15:22:22notify--success!![2017-07-14 15:22:22][debug] returnValue
[2017-07-14 15:23:36][debug] begin notify
2017-07-14 15:23:37notify--success!![2017-07-14 15:23:37][debug] returnValue
[2017-07-14 15:40:46][debug] begin notify
2017-07-14 15:40:47notify--success!![2017-07-14 15:40:47][debug] returnValue
2017-07-14 15:41:10/data/pubout/minfo/zjxzm/downLoad/appuser/70/ef/df/2e/17/2017-07-14 15:41:10/tmp/phpeN2tJd[2017-07-14 15:52:24][debug] begin notify
2017-07-14 15:52:25notify--success!![2017-07-14 15:52:25][debug] returnValue
[2017-07-14 15:53:38][debug] begin notify
2017-07-14 15:53:39notify--success!![2017-07-14 15:53:39][debug] returnValue
[2017-07-14 15:59:06][debug] begin notify
2017-07-14 15:59:06qg--notify--success!![2017-07-14 15:59:06][debug] returnValue
[2017-07-14 15:59:16][debug] begin notify
2017-07-14 15:59:16qg--notify--success!![2017-07-14 15:59:16][debug] returnValue
[2017-07-14 15:59:32][debug] begin notify
2017-07-14 15:59:32qg--notify--success!![2017-07-14 15:59:32][debug] returnValue
[2017-07-14 16:00:03][debug] begin notify
2017-07-14 16:00:04qg--notify--success!![2017-07-14 16:00:04][debug] returnValue
[2017-07-14 16:03:06][debug] begin notify
2017-07-14 16:03:08qg--notify--success!![2017-07-14 16:03:08][debug] returnValue
[2017-07-14 16:10:48][debug] begin notify
2017-07-14 16:10:49notify--success!![2017-07-14 16:10:49][debug] returnValue
[2017-07-14 16:23:40][debug] begin notify
2017-07-14 16:23:41notify--success!![2017-07-14 16:23:41][debug] returnValue
[2017-07-14 16:33:09][debug] begin notify
2017-07-14 16:33:10qg--notify--success!![2017-07-14 16:33:10][debug] returnValue
[2017-07-14 16:40:50][debug] begin notify
2017-07-14 16:40:51notify--success!![2017-07-14 16:40:51][debug] returnValue
[2017-07-14 16:52:29][debug] begin notify
2017-07-14 16:52:32notify--success!![2017-07-14 16:52:32][debug] returnValue
[2017-07-14 16:53:43][debug] begin notify
2017-07-14 16:53:43notify--success!![2017-07-14 16:53:43][debug] returnValue
[2017-07-14 17:03:13][debug] begin notify
2017-07-14 17:03:13qg--notify--success!![2017-07-14 17:03:13][debug] returnValue
[2017-07-14 17:10:53][debug] begin notify
2017-07-14 17:10:54notify--success!![2017-07-14 17:10:54][debug] returnValue
[2017-07-14 17:19:37][debug] begin notify
2017-07-14 17:19:38notify--success!![2017-07-14 17:19:38][debug] returnValue
[2017-07-14 17:19:48][debug] begin notify
2017-07-14 17:19:48notify--success!![2017-07-14 17:19:48][debug] returnValue
[2017-07-14 17:20:07][debug] begin notify
2017-07-14 17:20:07notify--success!![2017-07-14 17:20:07][debug] returnValue
[2017-07-14 17:20:38][debug] begin notify
2017-07-14 17:20:39notify--success!![2017-07-14 17:20:39][debug] returnValue
[2017-07-14 17:23:40][debug] begin notify
2017-07-14 17:23:40notify--success!![2017-07-14 17:23:40][debug] returnValue
[2017-07-14 17:33:15][debug] begin notify
2017-07-14 17:33:15qg--notify--success!![2017-07-14 17:33:15][debug] returnValue
[2017-07-14 17:41:24][debug] begin notify
2017-07-14 17:41:25qg--notify--success!![2017-07-14 17:41:25][debug] returnValue
[2017-07-14 17:41:41][debug] begin notify
2017-07-14 17:41:42qg--notify--success!![2017-07-14 17:41:42][debug] returnValue
[2017-07-14 17:41:58][debug] begin notify
2017-07-14 17:41:59qg--notify--success!![2017-07-14 17:41:59][debug] returnValue
[2017-07-14 17:42:31][debug] begin notify
2017-07-14 17:42:32qg--notify--success!![2017-07-14 17:42:32][debug] returnValue
[2017-07-14 17:45:34][debug] begin notify
2017-07-14 17:45:34qg--notify--success!![2017-07-14 17:45:34][debug] returnValue
[2017-07-14 17:53:42][debug] begin notify
2017-07-14 17:53:43notify--success!![2017-07-14 17:53:43][debug] returnValue
[2017-07-14 17:53:45][debug] begin notify
2017-07-14 17:53:45notify--success!![2017-07-14 17:53:45][debug] returnValue
[2017-07-14 18:03:19][debug] begin notify
2017-07-14 18:03:19qg--notify--success!![2017-07-14 18:03:19][debug] returnValue
[2017-07-14 18:10:57][debug] begin notify
2017-07-14 18:10:58notify--success!![2017-07-14 18:10:58][debug] returnValue
[2017-07-14 18:15:35][debug] begin notify
2017-07-14 18:15:35qg--notify--success!![2017-07-14 18:15:35][debug] returnValue
[2017-07-14 18:23:45][debug] begin notify
2017-07-14 18:23:45notify--success!![2017-07-14 18:23:45][debug] returnValue
[2017-07-14 18:45:37][debug] begin notify
2017-07-14 18:45:38qg--notify--success!![2017-07-14 18:45:38][debug] returnValue
[2017-07-14 18:53:47][debug] begin notify
2017-07-14 18:53:48notify--success!![2017-07-14 18:53:48][debug] returnValue
[2017-07-14 19:03:22][debug] begin notify
2017-07-14 19:03:23qg--notify--success!![2017-07-14 19:03:23][debug] returnValue
[2017-07-14 19:15:40][debug] begin notify
2017-07-14 19:15:40qg--notify--success!![2017-07-14 19:15:40][debug] returnValue
[2017-07-14 19:23:50][debug] begin notify
2017-07-14 19:23:50notify--success!![2017-07-14 19:23:50][debug] returnValue
2017-07-14 19:24:33Array<br>2017-07-14 19:24:33icon.png<br>2017-07-14 19:24:33/data/pubout/minfo/zjxzm/downLoad/appuser/65/12/bd/43/11/<br>2017-07-14 19:24:33/tmp/phpbjie3b<br>2017-07-14 19:26:15Array<br>2017-07-14 19:26:15IMG_20170714_192548pro.jpg<br>2017-07-14 19:26:15/data/pubout/minfo/zjxzm/downLoad/appuser/d3/d9/44/68/10/<br>2017-07-14 19:26:15/tmp/phpY2v0kO<br>2017-07-14 19:29:22Array<br>2017-07-14 19:29:22icon.png<br>2017-07-14 19:29:22/data/pubout/minfo/zjxzm/downLoad/appuser/9b/f3/1c/7f/15/<br>2017-07-14 19:29:22/tmp/php78k5wC<br>2017-07-14 19:36:05Array<br>2017-07-14 19:36:05IMG_20170714_193442pro.jpg<br>2017-07-14 19:36:05/data/pubout/minfo/zjxzm/downLoad/appuser/9b/f3/1c/7f/15/<br>2017-07-14 19:36:05/tmp/phpMnGm2M<br>[2017-07-14 19:45:41][debug] begin notify
2017-07-14 19:45:43qg--notify--success!![2017-07-14 19:45:43][debug] returnValue
[2017-07-14 20:23:51][debug] begin notify
2017-07-14 20:23:51notify--success!![2017-07-14 20:23:51][debug] returnValue
[2017-07-14 20:45:44][debug] begin notify
2017-07-14 20:45:46qg--notify--success!![2017-07-14 20:45:46][debug] returnValue
2017-07-14 21:14:05Array<br>2017-07-14 21:14:05IMG_20170714_211403pro.jpg<br>2017-07-14 21:14:05/data/pubout/minfo/zjxzm/downLoad/appuser/70/ef/df/2e/17/<br>2017-07-14 21:14:05/tmp/phpp7GS7l<br>2017-07-14 21:14:07Array<br>2017-07-14 21:14:07IMG_20170714_211403pro.jpg<br>2017-07-14 21:14:07/data/pubout/minfo/zjxzm/downLoad/appuser/70/ef/df/2e/17/<br>2017-07-14 21:14:07/tmp/phpXkWaot<br>2017-07-14 21:14:08Array<br>2017-07-14 21:14:08IMG_20170714_211403pro.jpg<br>2017-07-14 21:14:08/data/pubout/minfo/zjxzm/downLoad/appuser/70/ef/df/2e/17/<br>2017-07-14 21:14:08/tmp/phptaL8Fv<br>2017-07-14 21:14:11Array<br>2017-07-14 21:14:11IMG_20170714_211403pro.jpg<br>2017-07-14 21:14:11/data/pubout/minfo/zjxzm/downLoad/appuser/70/ef/df/2e/17/<br>2017-07-14 21:14:11/tmp/phpFe10i3<br>2017-07-14 21:18:13Array<br>2017-07-14 21:18:13IMG_20170714_211811pro.jpg<br>2017-07-14 21:18:13/data/pubout/minfo/zjxzm/downLoad/appuser/70/ef/df/2e/17/<br>2017-07-14 21:18:13/tmp/phpkLUCWF<br>2017-07-14 21:18:15Array<br>2017-07-14 21:18:15IMG_20170714_211811pro.jpg<br>2017-07-14 21:18:15/data/pubout/minfo/zjxzm/downLoad/appuser/70/ef/df/2e/17/<br>2017-07-14 21:18:15/tmp/phpMMMHnO<br>