[2017-07-07 16:59:55][debug] begin notify
zj149941412410097158971[2017-07-07 16:59:55][debug] returnValue
[2017-07-07 16:59:55][debug] notify----false!!
[2017-07-07 17:02:44][debug] begin notify
zj149941248410091072767null------aldfkjasdfljadkjfl[2017-07-07 17:02:44][debug] returnValue
[2017-07-07 17:02:44][debug] notify----false!!
[2017-07-07 17:05:04][debug] begin notify
[2017-07-07 17:06:19][debug] begin notify
zj149941451410099333775[2017-07-07 17:06:19][debug] returnValue
[2017-07-07 17:06:19][debug] notify----false!!
[2017-07-07 17:06:40][debug] begin notify
zjqg149941835510046318404null------aldfkjasdfljadkjfl[2017-07-07 17:06:40][debug] returnValue
[2017-07-07 17:06:40][debug] notify----false!!
[2017-07-07 17:06:56][debug] begin notify
zjqg149941835510046318404null------aldfkjasdfljadkjfl[2017-07-07 17:06:56][debug] returnValue
[2017-07-07 17:06:56][debug] notify----false!!
[2017-07-07 17:07:12][debug] begin notify
zjqg149941835510046318404null------aldfkjasdfljadkjfl[2017-07-07 17:07:12][debug] returnValue
[2017-07-07 17:07:12][debug] notify----false!!
[2017-07-07 17:07:45][debug] begin notify
zjqg149941835510046318404{"sum":"1"}------aldfkjasdfljadkjflsuccess--success--success[2017-07-07 17:07:45][debug] returnValue
[2017-07-07 17:07:45][debug] notify----false!!
[2017-07-07 17:07:57][debug] begin notify
zjqg149941846910046770642{"sum":"1"}------aldfkjasdfljadkjflsuccess--success--success[2017-07-07 17:07:57][debug] returnValue
[2017-07-07 17:07:57][debug] notify----false!!
[2017-07-07 17:08:08][debug] begin notify
zjqg149941846910046770642{"sum":"1"}------aldfkjasdfljadkjflsuccess--success--success[2017-07-07 17:08:08][debug] returnValue
[2017-07-07 17:08:08][debug] notify----false!!
[2017-07-07 17:08:09][debug] begin notify
zj149941463410044180860[2017-07-07 17:08:09][debug] returnValue
[2017-07-07 17:08:09][debug] notify----false!!
[2017-07-07 17:08:24][debug] begin notify
zjqg149941846910046770642{"sum":"1"}------aldfkjasdfljadkjflsuccess--success--success[2017-07-07 17:08:24][debug] returnValue
[2017-07-07 17:08:24][debug] notify----false!!
[2017-07-07 17:08:55][debug] begin notify
[2017-07-07 17:08:55][debug] returnValue
[2017-07-07 17:08:55][debug] notify----false!!
[2017-07-07 17:09:12][debug] begin notify
[2017-07-07 17:09:12][debug] returnValue
[2017-07-07 17:09:12][debug] notify----false!!
[2017-07-07 17:10:47][debug] begin notify
[2017-07-07 17:10:47][debug] returnValue
[2017-07-07 17:10:47][debug] notify----false!!
[2017-07-07 17:11:57][debug] begin notify
[2017-07-07 17:11:57][debug] returnValue
[2017-07-07 17:11:57][debug] notify----false!!
[2017-07-07 17:12:45][debug] begin notify
[2017-07-07 17:12:45][debug] returnValue
[2017-07-07 17:12:45][debug] notify----false!!
[2017-07-07 17:13:36][debug] begin notify
[2017-07-07 17:13:36][debug] returnValue
[2017-07-07 17:13:36][debug] notify----false!!
[2017-07-07 17:15:36][debug] begin notify
[2017-07-07 17:15:36][debug] returnValue
[2017-07-07 17:15:36][debug] notify----false!!
[2017-07-07 17:17:55][debug] begin notify
[2017-07-07 17:17:55][debug] returnValue
[2017-07-07 17:17:55][debug] notify----false!!
[2017-07-07 17:20:23][debug] begin notify
[2017-07-07 17:20:23][debug] returnValue
[2017-07-07 17:20:23][debug] notify----false!!
[2017-07-07 17:23:13][debug] begin notify
[2017-07-07 17:23:13][debug] returnValue
[2017-07-07 17:23:13][debug] notify----false!!
[2017-07-07 17:23:27][debug] begin notify
[2017-07-07 17:23:27][debug] returnValue
[2017-07-07 17:23:27][debug] notify----false!!
[2017-07-07 17:23:43][debug] begin notify
[2017-07-07 17:23:43][debug] returnValue
[2017-07-07 17:23:43][debug] notify----false!!
[2017-07-07 17:24:14][debug] begin notify
[2017-07-07 17:24:14][debug] returnValue
[2017-07-07 17:24:14][debug] notify----false!!
[2017-07-07 17:24:16][debug] begin notify
[2017-07-07 17:24:16][debug] returnValue
[2017-07-07 17:24:16][debug] notify----false!!
[2017-07-07 17:25:24][debug] begin notify
[2017-07-07 17:25:24][debug] returnValue
[2017-07-07 17:25:24][debug] notify----false!!
[2017-07-07 17:25:35][debug] begin notify
[2017-07-07 17:25:35][debug] returnValue
[2017-07-07 17:25:35][debug] notify----false!!
[2017-07-07 17:25:38][debug] begin notify
[2017-07-07 17:25:38][debug] returnValue
[2017-07-07 17:25:38][debug] notify----false!!
[2017-07-07 17:25:52][debug] begin notify
[2017-07-07 17:25:52][debug] returnValue
[2017-07-07 17:25:52][debug] notify----false!!
[2017-07-07 17:26:24][debug] begin notify
[2017-07-07 17:26:24][debug] returnValue
[2017-07-07 17:26:24][debug] notify----false!!
[2017-07-07 17:26:37][debug] begin notify
[2017-07-07 17:26:37][debug] returnValue
[2017-07-07 17:26:37][debug] notify----false!!
[2017-07-07 17:26:48][debug] begin notify
[2017-07-07 17:26:48][debug] returnValue
[2017-07-07 17:26:48][debug] notify----false!!
[2017-07-07 17:27:06][debug] begin notify
[2017-07-07 17:27:06][debug] returnValue
[2017-07-07 17:27:06][debug] notify----false!!
[2017-07-07 17:27:18][debug] begin notify
[2017-07-07 17:27:18][debug] returnValue
[2017-07-07 17:27:18][debug] notify----false!!
[2017-07-07 17:27:39][debug] begin notify
[2017-07-07 17:27:39][debug] returnValue
[2017-07-07 17:27:39][debug] notify----false!!
[2017-07-07 17:29:25][debug] begin notify
[2017-07-07 17:29:25][debug] returnValue
[2017-07-07 17:29:25][debug] notify----false!!
[2017-07-07 17:29:56][debug] begin notify
[2017-07-07 17:29:56][debug] returnValue
[2017-07-07 17:29:56][debug] notify----false!!
[2017-07-07 17:30:41][debug] begin notify
[2017-07-07 17:30:41][debug] returnValue
[2017-07-07 17:32:46][debug] begin notify
[2017-07-07 17:32:46][debug] returnValue
[2017-07-07 17:34:35][debug] begin notify
2017-07-07 17:34:35notify--success!![2017-07-07 17:34:35][debug] returnValue
[2017-07-07 17:34:47][debug] begin notify
2017-07-07 17:34:47notify--success!![2017-07-07 17:34:47][debug] returnValue
[2017-07-07 17:35:05][debug] begin notify
2017-07-07 17:35:05notify--success!![2017-07-07 17:35:05][debug] returnValue
[2017-07-07 17:35:36][debug] begin notify
2017-07-07 17:35:36notify--success!![2017-07-07 17:35:36][debug] returnValue
[2017-07-07 17:36:21][debug] begin notify
2017-07-07 17:36:21notify--success!![2017-07-07 17:36:21][debug] returnValue
[2017-07-07 17:38:11][debug] begin notify
2017-07-07 17:38:11notify--success!![2017-07-07 17:38:11][debug] returnValue
[2017-07-07 17:38:39][debug] begin notify
2017-07-07 17:38:39notify--success!![2017-07-07 17:38:39][debug] returnValue
[2017-07-07 17:39:15][debug] begin notify
[2017-07-07 17:39:15][debug] returnValue
[2017-07-07 17:40:49][debug] begin notify
2017-07-07 17:40:49qg--notify--success!![2017-07-07 17:40:49][debug] returnValue
[2017-07-07 17:41:58][debug] begin notify
2017-07-07 17:41:58qg--notify--success!![2017-07-07 17:41:58][debug] returnValue
[2017-07-07 17:42:47][debug] begin notify
[2017-07-07 17:42:47][debug] returnValue
[2017-07-07 17:45:38][debug] begin notify
[2017-07-07 17:45:38][debug] returnValue
[2017-07-07 17:47:57][debug] begin notify
2017-07-07 17:47:57notify--success!![2017-07-07 17:47:57][debug] returnValue
[2017-07-07 17:50:25][debug] begin notify
2017-07-07 17:50:25notify--success!![2017-07-07 17:50:25][debug] returnValue
[2017-07-07 17:55:39][debug] begin notify
2017-07-07 17:55:39notify--success!![2017-07-07 17:55:39][debug] returnValue
[2017-07-07 17:57:20][debug] begin notify
2017-07-07 17:57:20qg--notify--success!![2017-07-07 17:57:20][debug] returnValue
[2017-07-07 17:59:27][debug] begin notify
2017-07-07 17:59:27notify--success!![2017-07-07 17:59:27][debug] returnValue
[2017-07-07 17:59:58][debug] begin notify
2017-07-07 17:59:58notify--success!![2017-07-07 17:59:58][debug] returnValue
[2017-07-07 18:00:44][debug] begin notify
2017-07-07 18:00:44qg--notify--success!![2017-07-07 18:00:44][debug] returnValue
[2017-07-07 18:06:24][debug] begin notify
2017-07-07 18:06:24notify--success!![2017-07-07 18:06:24][debug] returnValue
[2017-07-07 18:08:13][debug] begin notify
2017-07-07 18:08:13notify--success!![2017-07-07 18:08:13][debug] returnValue
[2017-07-07 18:08:40][debug] begin notify
2017-07-07 18:08:40notify--success!![2017-07-07 18:08:40][debug] returnValue
[2017-07-07 18:10:50][debug] begin notify
2017-07-07 18:10:51qg--notify--success!![2017-07-07 18:10:51][debug] returnValue
[2017-07-07 18:12:01][debug] begin notify
2017-07-07 18:12:01qg--notify--success!![2017-07-07 18:12:01][debug] returnValue
[2017-07-07 18:13:37][debug] begin notify
[2017-07-07 18:13:37][debug] returnValue
[2017-07-07 18:24:15][debug] begin notify
[2017-07-07 18:24:15][debug] returnValue
[2017-07-07 18:27:22][debug] begin notify
2017-07-07 18:27:22qg--notify--success!![2017-07-07 18:27:22][debug] returnValue
[2017-07-07 18:29:28][debug] begin notify
2017-07-07 18:29:28notify--success!![2017-07-07 18:29:28][debug] returnValue
[2017-07-07 18:30:46][debug] begin notify
2017-07-07 18:30:46qg--notify--success!![2017-07-07 18:30:46][debug] returnValue
[2017-07-07 18:32:48][debug] begin notify
[2017-07-07 18:32:48][debug] returnValue
[2017-07-07 18:38:42][debug] begin notify
2017-07-07 18:38:42notify--success!![2017-07-07 18:38:42][debug] returnValue
[2017-07-07 18:39:16][debug] begin notify
[2017-07-07 18:39:16][debug] returnValue
[2017-07-07 18:40:52][debug] begin notify
2017-07-07 18:40:52qg--notify--success!![2017-07-07 18:40:52][debug] returnValue
[2017-07-07 18:42:04][debug] begin notify
2017-07-07 18:42:04qg--notify--success!![2017-07-07 18:42:04][debug] returnValue
[2017-07-07 18:42:48][debug] begin notify
[2017-07-07 18:42:48][debug] returnValue
[2017-07-07 18:45:39][debug] begin notify
[2017-07-07 18:45:39][debug] returnValue
[2017-07-07 18:47:59][debug] begin notify
2017-07-07 18:47:59notify--success!![2017-07-07 18:47:59][debug] returnValue
[2017-07-07 18:50:27][debug] begin notify
2017-07-07 18:50:27notify--success!![2017-07-07 18:50:27][debug] returnValue
[2017-07-07 18:55:41][debug] begin notify
2017-07-07 18:55:41notify--success!![2017-07-07 18:55:41][debug] returnValue
[2017-07-07 18:57:24][debug] begin notify
2017-07-07 18:57:24qg--notify--success!![2017-07-07 18:57:24][debug] returnValue
[2017-07-07 18:59:30][debug] begin notify
2017-07-07 18:59:30notify--success!![2017-07-07 18:59:30][debug] returnValue
[2017-07-07 19:00:00][debug] begin notify
2017-07-07 19:00:00notify--success!![2017-07-07 19:00:00][debug] returnValue
[2017-07-07 19:00:48][debug] begin notify
2017-07-07 19:00:48qg--notify--success!![2017-07-07 19:00:48][debug] returnValue
[2017-07-07 19:06:27][debug] begin notify
2017-07-07 19:06:27notify--success!![2017-07-07 19:06:27][debug] returnValue
[2017-07-07 19:08:14][debug] begin notify
2017-07-07 19:08:14notify--success!![2017-07-07 19:08:14][debug] returnValue
[2017-07-07 19:08:43][debug] begin notify
2017-07-07 19:08:43notify--success!![2017-07-07 19:08:43][debug] returnValue
[2017-07-07 19:10:55][debug] begin notify
2017-07-07 19:10:55qg--notify--success!![2017-07-07 19:10:55][debug] returnValue
[2017-07-07 19:12:05][debug] begin notify
2017-07-07 19:12:05qg--notify--success!![2017-07-07 19:12:05][debug] returnValue
[2017-07-07 19:27:25][debug] begin notify
2017-07-07 19:27:26qg--notify--success!![2017-07-07 19:27:26][debug] returnValue
[2017-07-07 19:29:32][debug] begin notify
2017-07-07 19:29:32notify--success!![2017-07-07 19:29:32][debug] returnValue
[2017-07-07 19:30:50][debug] begin notify
2017-07-07 19:30:50qg--notify--success!![2017-07-07 19:30:50][debug] returnValue
[2017-07-07 19:38:44][debug] begin notify
2017-07-07 19:38:44notify--success!![2017-07-07 19:38:44][debug] returnValue
[2017-07-07 20:10:57][debug] begin notify
2017-07-07 20:10:57qg--notify--success!![2017-07-07 20:10:57][debug] returnValue
[2017-07-07 20:12:08][debug] begin notify
2017-07-07 20:12:08qg--notify--success!![2017-07-07 20:12:08][debug] returnValue
[2017-07-07 20:27:29][debug] begin notify
2017-07-07 20:27:29qg--notify--success!![2017-07-07 20:27:29][debug] returnValue
[2017-07-07 20:29:35][debug] begin notify
2017-07-07 20:29:35notify--success!![2017-07-07 20:29:35][debug] returnValue
[2017-07-07 20:30:52][debug] begin notify
2017-07-07 20:30:52qg--notify--success!![2017-07-07 20:30:52][debug] returnValue
[2017-07-07 20:38:45][debug] begin notify
2017-07-07 20:38:45notify--success!![2017-07-07 20:38:45][debug] returnValue
